ReferenceError: dule is not defined
    at Object.<anonymous> (/home/pi/gladys/gladys-voice/config.js:2:1)
    at Module._compile (module.js:660:30)
    at Object.Module._extensions..js (module.js:671:10)
    at Module.load (module.js:573:32)
    at tryModuleLoad (module.js:513:12)
    at Function.Module._load (module.js:505:3)
    at Module.require (module.js:604:17)
    at require (internal/module.js:11:18)
    at Object.<anonymous> (/home/pi/gladys/gladys-voice/core/voice.js:1:78)
    at Module._compile (module.js:660:30)
ReferenceError: dule is not defined
    at Object.<anonymous> (/home/pi/gladys/gladys-voice/config.js:2:1)
    at Module._compile (module.js:660:30)
    at Object.Module._extensions..js (module.js:671:10)
    at Module.load (module.js:573:32)
    at tryModuleLoad (module.js:513:12)
    at Function.Module._load (module.js:505:3)
    at Module.require (module.js:604:17)
    at require (internal/module.js:11:18)
    at Object.<anonymous> (/home/pi/gladys/gladys-voice/core/voice.js:1:78)
    at Module._compile (module.js:660:30)
ReferenceError: dule is not defined
    at Object.<anonymous> (/home/pi/gladys/gladys-voice/config.js:2:1)
    at Module._compile (module.js:660:30)
    at Object.Module._extensions..js (module.js:671:10)
    at Module.load (module.js:573:32)
    at tryModuleLoad (module.js:513:12)
    at Function.Module._load (module.js:505:3)
    at Module.require (module.js:604:17)
    at require (internal/module.js:11:18)
    at Object.<anonymous> (/home/pi/gladys/gladys-voice/core/voice.js:1:78)
    at Module._compile (module.js:660:30)
ReferenceError: dule is not defined
    at Object.<anonymous> (/home/pi/gladys/gladys-voice/config.js:2:1)
    at Module._compile (module.js:660:30)
    at Object.Module._extensions..js (module.js:671:10)
    at Module.load (module.js:573:32)
    at tryModuleLoad (module.js:513:12)
    at Function.Module._load (module.js:505:3)
    at Module.require (module.js:604:17)
    at require (internal/module.js:11:18)
    at Object.<anonymous> (/home/pi/gladys/gladys-voice/core/voice.js:1:78)
    at Module._compile (module.js:660:30)
ReferenceError: dule is not defined
    at Object.<anonymous> (/home/pi/gladys/gladys-voice/config.js:2:1)
    at Module._compile (module.js:660:30)
    at Object.Module._extensions..js (module.js:671:10)
    at Module.load (module.js:573:32)
    at tryModuleLoad (module.js:513:12)
    at Function.Module._load (module.js:505:3)
    at Module.require (module.js:604:17)
    at require (internal/module.js:11:18)
    at Object.<anonymous> (/home/pi/gladys/gladys-voice/core/voice.js:1:78)
    at Module._compile (module.js:660:30)
ReferenceError: dule is not defined
    at Object.<anonymous> (/home/pi/gladys/gladys-voice/config.js:2:1)
    at Module._compile (module.js:660:30)
    at Object.Module._extensions..js (module.js:671:10)
    at Module.load (module.js:573:32)
    at tryModuleLoad (module.js:513:12)
    at Function.Module._load (module.js:505:3)
    at Module.require (module.js:604:17)
    at require (internal/module.js:11:18)
    at Object.<anonymous> (/home/pi/gladys/gladys-voice/core/voice.js:1:78)
    at Module._compile (module.js:660:30)
ReferenceError: dule is not defined
    at Object.<anonymous> (/home/pi/gladys/gladys-voice/config.js:2:1)
    at Module._compile (module.js:660:30)
    at Object.Module._extensions..js (module.js:671:10)
    at Module.load (module.js:573:32)
    at tryModuleLoad (module.js:513:12)
    at Function.Module._load (module.js:505:3)
    at Module.require (module.js:604:17)
    at require (internal/module.js:11:18)
    at Object.<anonymous> (/home/pi/gladys/gladys-voice/core/voice.js:1:78)
    at Module._compile (module.js:660:30)
ReferenceError: dule is not defined
    at Object.<anonymous> (/home/pi/gladys/gladys-voice/config.js:2:1)
    at Module._compile (module.js:660:30)
    at Object.Module._extensions..js (module.js:671:10)
    at Module.load (module.js:573:32)
    at tryModuleLoad (module.js:513:12)
    at Function.Module._load (module.js:505:3)
    at Module.require (module.js:604:17)
    at require (internal/module.js:11:18)
    at Object.<anonymous> (/home/pi/gladys/gladys-voice/core/voice.js:1:78)
    at Module._compile (module.js:660:30)
ReferenceError: dule is not defined
    at Object.<anonymous> (/home/pi/gladys/gladys-voice/config.js:2:1)
    at Module._compile (module.js:660:30)
    at Object.Module._extensions..js (module.js:671:10)
    at Module.load (module.js:573:32)
    at tryModuleLoad (module.js:513:12)
    at Function.Module._load (module.js:505:3)
    at Module.require (module.js:604:17)
    at require (internal/module.js:11:18)
    at Object.<anonymous> (/home/pi/gladys/gladys-voice/core/voice.js:1:78)
    at Module._compile (module.js:660:30)
ReferenceError: dule is not defined
    at Object.<anonymous> (/home/pi/gladys/gladys-voice/config.js:2:1)
    at Module._compile (module.js:660:30)
    at Object.Module._extensions..js (module.js:671:10)
    at Module.load (module.js:573:32)
    at tryModuleLoad (module.js:513:12)
    at Function.Module._load (module.js:505:3)
    at Module.require (module.js:604:17)
    at require (internal/module.js:11:18)
    at Object.<anonymous> (/home/pi/gladys/gladys-voice/core/voice.js:1:78)
    at Module._compile (module.js:660:30)
ReferenceError: dule is not defined
    at Object.<anonymous> (/home/pi/gladys/gladys-voice/config.js:2:1)
    at Module._compile (module.js:660:30)
    at Object.Module._extensions..js (module.js:671:10)
    at Module.load (module.js:573:32)
    at tryModuleLoad (module.js:513:12)
    at Function.Module._load (module.js:505:3)
    at Module.require (module.js:604:17)
    at require (internal/module.js:11:18)
    at Object.<anonymous> (/home/pi/gladys/gladys-voice/core/voice.js:1:78)
    at Module._compile (module.js:660:30)
ReferenceError: dule is not defined
    at Object.<anonymous> (/home/pi/gladys/gladys-voice/config.js:2:1)
    at Module._compile (module.js:660:30)
    at Object.Module._extensions..js (module.js:671:10)
    at Module.load (module.js:573:32)
    at tryModuleLoad (module.js:513:12)
    at Function.Module._load (module.js:505:3)
    at Module.require (module.js:604:17)
    at require (internal/module.js:11:18)
    at Object.<anonymous> (/home/pi/gladys/gladys-voice/core/voice.js:1:78)
    at Module._compile (module.js:660:30)
ReferenceError: dule is not defined
    at Object.<anonymous> (/home/pi/gladys/gladys-voice/config.js:2:1)
    at Module._compile (module.js:660:30)
    at Object.Module._extensions..js (module.js:671:10)
    at Module.load (module.js:573:32)
    at tryModuleLoad (module.js:513:12)
    at Function.Module._load (module.js:505:3)
    at Module.require (module.js:604:17)
    at require (internal/module.js:11:18)
    at Object.<anonymous> (/home/pi/gladys/gladys-voice/core/voice.js:1:78)
    at Module._compile (module.js:660:30)
ReferenceError: dule is not defined
    at Object.<anonymous> (/home/pi/gladys/gladys-voice/config.js:2:1)
    at Module._compile (module.js:660:30)
    at Object.Module._extensions..js (module.js:671:10)
    at Module.load (module.js:573:32)
    at tryModuleLoad (module.js:513:12)
    at Function.Module._load (module.js:505:3)
    at Module.require (module.js:604:17)
    at require (internal/module.js:11:18)
    at Object.<anonymous> (/home/pi/gladys/gladys-voice/core/voice.js:1:78)
    at Module._compile (module.js:660:30)
ReferenceError: dule is not defined
    at Object.<anonymous> (/home/pi/gladys/gladys-voice/config.js:2:1)
    at Module._compile (module.js:660:30)
    at Object.Module._extensions..js (module.js:671:10)
    at Module.load (module.js:573:32)
    at tryModuleLoad (module.js:513:12)
    at Function.Module._load (module.js:505:3)
    at Module.require (module.js:604:17)
    at require (internal/module.js:11:18)
    at Object.<anonymous> (/home/pi/gladys/gladys-voice/core/voice.js:1:78)
    at Module._compile (module.js:660:30)
ReferenceError: dule is not defined
    at Object.<anonymous> (/home/pi/gladys/gladys-voice/config.js:2:1)
    at Module._compile (module.js:660:30)
    at Object.Module._extensions..js (module.js:671:10)
    at Module.load (module.js:573:32)
    at tryModuleLoad (module.js:513:12)
    at Function.Module._load (module.js:505:3)
    at Module.require (module.js:604:17)
    at require (internal/module.js:11:18)
    at Object.<anonymous> (/home/pi/gladys/gladys-voice/core/voice.js:1:78)
    at Module._compile (module.js:660:30)
