Warning: connect.session() MemoryStore is not
designed for a production environment, as it will leak
memory, and will not scale past a single process.
Warning: connect.session() MemoryStore is not
designed for a production environment, as it will leak
memory, and will not scale past a single process.

=*=*=*=*=*=*=*=*=*=*=*=*=*=*=*=*=*=*=*=*=*=*=*=*=*=*=*=*=*=*=*=*=*=*=*=*=*=*=
WARNING: You currently have your default CORS settings configured to allow
all requests from all origins, with credentials.  This may leave your app
open to attack by third-party sites!  Consider making your `origins` setting
more restrictive or setting `credentials` to false, or else make certain that
none of your routes perform sensitive actions or reveal secure information.
=*=*=*=*=*=*=*=*=*=*=*=*=*=*=*=*=*=*=*=*=*=*=*=*=*=*=*=*=*=*=*=*=*=*=*=*=*=*=

No brain file detectedError: ENOENT: no such file or directory, open './cache/classifier.json'
Server failed to start.
(received error: EADDRINUSE)

Troubleshooting tips:

 -> Is something else already running on port 8080 ?

 -> Are you deploying on a platform that requires an explicit hostname, like OpenShift?
    (Try setting the `explicitHost` config to the hostname where the server will be accessible.)
    (e.g. `mydomain.com` or `183.24.244.42`)
Warning: connect.session() MemoryStore is not
designed for a production environment, as it will leak
memory, and will not scale past a single process.
Warning: connect.session() MemoryStore is not
designed for a production environment, as it will leak
memory, and will not scale past a single process.

=*=*=*=*=*=*=*=*=*=*=*=*=*=*=*=*=*=*=*=*=*=*=*=*=*=*=*=*=*=*=*=*=*=*=*=*=*=*=
WARNING: You currently have your default CORS settings configured to allow
all requests from all origins, with credentials.  This may leave your app
open to attack by third-party sites!  Consider making your `origins` setting
more restrictive or setting `credentials` to false, or else make certain that
none of your routes perform sensitive actions or reveal secure information.
=*=*=*=*=*=*=*=*=*=*=*=*=*=*=*=*=*=*=*=*=*=*=*=*=*=*=*=*=*=*=*=*=*=*=*=*=*=*=

No brain file detectedError: ENOENT: no such file or directory, open './cache/classifier.json'
Server failed to start.
(received error: EADDRINUSE)

Troubleshooting tips:

 -> Is something else already running on port 8080 ?

 -> Are you deploying on a platform that requires an explicit hostname, like OpenShift?
    (Try setting the `explicitHost` config to the hostname where the server will be accessible.)
    (e.g. `mydomain.com` or `183.24.244.42`)
Warning: connect.session() MemoryStore is not
designed for a production environment, as it will leak
memory, and will not scale past a single process.
Warning: connect.session() MemoryStore is not
designed for a production environment, as it will leak
memory, and will not scale past a single process.

=*=*=*=*=*=*=*=*=*=*=*=*=*=*=*=*=*=*=*=*=*=*=*=*=*=*=*=*=*=*=*=*=*=*=*=*=*=*=
WARNING: You currently have your default CORS settings configured to allow
all requests from all origins, with credentials.  This may leave your app
open to attack by third-party sites!  Consider making your `origins` setting
more restrictive or setting `credentials` to false, or else make certain that
none of your routes perform sensitive actions or reveal secure information.
=*=*=*=*=*=*=*=*=*=*=*=*=*=*=*=*=*=*=*=*=*=*=*=*=*=*=*=*=*=*=*=*=*=*=*=*=*=*=

No brain file detectedError: ENOENT: no such file or directory, open './cache/classifier.json'
Server failed to start.
(received error: EADDRINUSE)

Troubleshooting tips:

 -> Is something else already running on port 8080 ?

 -> Are you deploying on a platform that requires an explicit hostname, like OpenShift?
    (Try setting the `explicitHost` config to the hostname where the server will be accessible.)
    (e.g. `mydomain.com` or `183.24.244.42`)
Warning: connect.session() MemoryStore is not
designed for a production environment, as it will leak
memory, and will not scale past a single process.
Warning: connect.session() MemoryStore is not
designed for a production environment, as it will leak
memory, and will not scale past a single process.

=*=*=*=*=*=*=*=*=*=*=*=*=*=*=*=*=*=*=*=*=*=*=*=*=*=*=*=*=*=*=*=*=*=*=*=*=*=*=
WARNING: You currently have your default CORS settings configured to allow
all requests from all origins, with credentials.  This may leave your app
open to attack by third-party sites!  Consider making your `origins` setting
more restrictive or setting `credentials` to false, or else make certain that
none of your routes perform sensitive actions or reveal secure information.
=*=*=*=*=*=*=*=*=*=*=*=*=*=*=*=*=*=*=*=*=*=*=*=*=*=*=*=*=*=*=*=*=*=*=*=*=*=*=

No brain file detectedError: ENOENT: no such file or directory, open './cache/classifier.json'
Server failed to start.
(received error: EADDRINUSE)

Troubleshooting tips:

 -> Is something else already running on port 8080 ?

 -> Are you deploying on a platform that requires an explicit hostname, like OpenShift?
    (Try setting the `explicitHost` config to the hostname where the server will be accessible.)
    (e.g. `mydomain.com` or `183.24.244.42`)
Warning: connect.session() MemoryStore is not
designed for a production environment, as it will leak
memory, and will not scale past a single process.
Warning: connect.session() MemoryStore is not
designed for a production environment, as it will leak
memory, and will not scale past a single process.

=*=*=*=*=*=*=*=*=*=*=*=*=*=*=*=*=*=*=*=*=*=*=*=*=*=*=*=*=*=*=*=*=*=*=*=*=*=*=
WARNING: You currently have your default CORS settings configured to allow
all requests from all origins, with credentials.  This may leave your app
open to attack by third-party sites!  Consider making your `origins` setting
more restrictive or setting `credentials` to false, or else make certain that
none of your routes perform sensitive actions or reveal secure information.
=*=*=*=*=*=*=*=*=*=*=*=*=*=*=*=*=*=*=*=*=*=*=*=*=*=*=*=*=*=*=*=*=*=*=*=*=*=*=

No brain file detectedError: ENOENT: no such file or directory, open './cache/classifier.json'
Server failed to start.
(received error: EADDRINUSE)

Troubleshooting tips:

 -> Is something else already running on port 8080 ?

 -> Are you deploying on a platform that requires an explicit hostname, like OpenShift?
    (Try setting the `explicitHost` config to the hostname where the server will be accessible.)
    (e.g. `mydomain.com` or `183.24.244.42`)
Warning: connect.session() MemoryStore is not
designed for a production environment, as it will leak
memory, and will not scale past a single process.
Warning: connect.session() MemoryStore is not
designed for a production environment, as it will leak
memory, and will not scale past a single process.

=*=*=*=*=*=*=*=*=*=*=*=*=*=*=*=*=*=*=*=*=*=*=*=*=*=*=*=*=*=*=*=*=*=*=*=*=*=*=
WARNING: You currently have your default CORS settings configured to allow
all requests from all origins, with credentials.  This may leave your app
open to attack by third-party sites!  Consider making your `origins` setting
more restrictive or setting `credentials` to false, or else make certain that
none of your routes perform sensitive actions or reveal secure information.
=*=*=*=*=*=*=*=*=*=*=*=*=*=*=*=*=*=*=*=*=*=*=*=*=*=*=*=*=*=*=*=*=*=*=*=*=*=*=

No brain file detectedError: ENOENT: no such file or directory, open './cache/classifier.json'
Server failed to start.
(received error: EADDRINUSE)

Troubleshooting tips:

 -> Is something else already running on port 8080 ?

 -> Are you deploying on a platform that requires an explicit hostname, like OpenShift?
    (Try setting the `explicitHost` config to the hostname where the server will be accessible.)
    (e.g. `mydomain.com` or `183.24.244.42`)
Warning: connect.session() MemoryStore is not
designed for a production environment, as it will leak
memory, and will not scale past a single process.
Warning: connect.session() MemoryStore is not
designed for a production environment, as it will leak
memory, and will not scale past a single process.

=*=*=*=*=*=*=*=*=*=*=*=*=*=*=*=*=*=*=*=*=*=*=*=*=*=*=*=*=*=*=*=*=*=*=*=*=*=*=
WARNING: You currently have your default CORS settings configured to allow
all requests from all origins, with credentials.  This may leave your app
open to attack by third-party sites!  Consider making your `origins` setting
more restrictive or setting `credentials` to false, or else make certain that
none of your routes perform sensitive actions or reveal secure information.
=*=*=*=*=*=*=*=*=*=*=*=*=*=*=*=*=*=*=*=*=*=*=*=*=*=*=*=*=*=*=*=*=*=*=*=*=*=*=

No brain file detectedError: ENOENT: no such file or directory, open './cache/classifier.json'
Server failed to start.
(received error: EADDRINUSE)

Troubleshooting tips:

 -> Is something else already running on port 8080 ?

 -> Are you deploying on a platform that requires an explicit hostname, like OpenShift?
    (Try setting the `explicitHost` config to the hostname where the server will be accessible.)
    (e.g. `mydomain.com` or `183.24.244.42`)
Warning: connect.session() MemoryStore is not
designed for a production environment, as it will leak
memory, and will not scale past a single process.
Warning: connect.session() MemoryStore is not
designed for a production environment, as it will leak
memory, and will not scale past a single process.

=*=*=*=*=*=*=*=*=*=*=*=*=*=*=*=*=*=*=*=*=*=*=*=*=*=*=*=*=*=*=*=*=*=*=*=*=*=*=
WARNING: You currently have your default CORS settings configured to allow
all requests from all origins, with credentials.  This may leave your app
open to attack by third-party sites!  Consider making your `origins` setting
more restrictive or setting `credentials` to false, or else make certain that
none of your routes perform sensitive actions or reveal secure information.
=*=*=*=*=*=*=*=*=*=*=*=*=*=*=*=*=*=*=*=*=*=*=*=*=*=*=*=*=*=*=*=*=*=*=*=*=*=*=

No brain file detectedError: ENOENT: no such file or directory, open './cache/classifier.json'
Server failed to start.
(received error: EADDRINUSE)

Troubleshooting tips:

 -> Is something else already running on port 8080 ?

 -> Are you deploying on a platform that requires an explicit hostname, like OpenShift?
    (Try setting the `explicitHost` config to the hostname where the server will be accessible.)
    (e.g. `mydomain.com` or `183.24.244.42`)
Warning: connect.session() MemoryStore is not
designed for a production environment, as it will leak
memory, and will not scale past a single process.
Warning: connect.session() MemoryStore is not
designed for a production environment, as it will leak
memory, and will not scale past a single process.

=*=*=*=*=*=*=*=*=*=*=*=*=*=*=*=*=*=*=*=*=*=*=*=*=*=*=*=*=*=*=*=*=*=*=*=*=*=*=
WARNING: You currently have your default CORS settings configured to allow
all requests from all origins, with credentials.  This may leave your app
open to attack by third-party sites!  Consider making your `origins` setting
more restrictive or setting `credentials` to false, or else make certain that
none of your routes perform sensitive actions or reveal secure information.
=*=*=*=*=*=*=*=*=*=*=*=*=*=*=*=*=*=*=*=*=*=*=*=*=*=*=*=*=*=*=*=*=*=*=*=*=*=*=

No brain file detectedError: ENOENT: no such file or directory, open './cache/classifier.json'
Server failed to start.
(received error: EADDRINUSE)

Troubleshooting tips:

 -> Is something else already running on port 8080 ?

 -> Are you deploying on a platform that requires an explicit hostname, like OpenShift?
    (Try setting the `explicitHost` config to the hostname where the server will be accessible.)
    (e.g. `mydomain.com` or `183.24.244.42`)
Warning: connect.session() MemoryStore is not
designed for a production environment, as it will leak
memory, and will not scale past a single process.
Warning: connect.session() MemoryStore is not
designed for a production environment, as it will leak
memory, and will not scale past a single process.

=*=*=*=*=*=*=*=*=*=*=*=*=*=*=*=*=*=*=*=*=*=*=*=*=*=*=*=*=*=*=*=*=*=*=*=*=*=*=
WARNING: You currently have your default CORS settings configured to allow
all requests from all origins, with credentials.  This may leave your app
open to attack by third-party sites!  Consider making your `origins` setting
more restrictive or setting `credentials` to false, or else make certain that
none of your routes perform sensitive actions or reveal secure information.
=*=*=*=*=*=*=*=*=*=*=*=*=*=*=*=*=*=*=*=*=*=*=*=*=*=*=*=*=*=*=*=*=*=*=*=*=*=*=

No brain file detectedError: ENOENT: no such file or directory, open './cache/classifier.json'
Server failed to start.
(received error: EADDRINUSE)

Troubleshooting tips:

 -> Is something else already running on port 8080 ?

 -> Are you deploying on a platform that requires an explicit hostname, like OpenShift?
    (Try setting the `explicitHost` config to the hostname where the server will be accessible.)
    (e.g. `mydomain.com` or `183.24.244.42`)
Warning: connect.session() MemoryStore is not
designed for a production environment, as it will leak
memory, and will not scale past a single process.
Warning: connect.session() MemoryStore is not
designed for a production environment, as it will leak
memory, and will not scale past a single process.

=*=*=*=*=*=*=*=*=*=*=*=*=*=*=*=*=*=*=*=*=*=*=*=*=*=*=*=*=*=*=*=*=*=*=*=*=*=*=
WARNING: You currently have your default CORS settings configured to allow
all requests from all origins, with credentials.  This may leave your app
open to attack by third-party sites!  Consider making your `origins` setting
more restrictive or setting `credentials` to false, or else make certain that
none of your routes perform sensitive actions or reveal secure information.
=*=*=*=*=*=*=*=*=*=*=*=*=*=*=*=*=*=*=*=*=*=*=*=*=*=*=*=*=*=*=*=*=*=*=*=*=*=*=

No brain file detectedError: ENOENT: no such file or directory, open './cache/classifier.json'
Server failed to start.
(received error: EADDRINUSE)

Troubleshooting tips:

 -> Is something else already running on port 8080 ?

 -> Are you deploying on a platform that requires an explicit hostname, like OpenShift?
    (Try setting the `explicitHost` config to the hostname where the server will be accessible.)
    (e.g. `mydomain.com` or `183.24.244.42`)
Warning: connect.session() MemoryStore is not
designed for a production environment, as it will leak
memory, and will not scale past a single process.
Warning: connect.session() MemoryStore is not
designed for a production environment, as it will leak
memory, and will not scale past a single process.

=*=*=*=*=*=*=*=*=*=*=*=*=*=*=*=*=*=*=*=*=*=*=*=*=*=*=*=*=*=*=*=*=*=*=*=*=*=*=
WARNING: You currently have your default CORS settings configured to allow
all requests from all origins, with credentials.  This may leave your app
open to attack by third-party sites!  Consider making your `origins` setting
more restrictive or setting `credentials` to false, or else make certain that
none of your routes perform sensitive actions or reveal secure information.
=*=*=*=*=*=*=*=*=*=*=*=*=*=*=*=*=*=*=*=*=*=*=*=*=*=*=*=*=*=*=*=*=*=*=*=*=*=*=

No brain file detectedError: ENOENT: no such file or directory, open './cache/classifier.json'
Server failed to start.
(received error: EADDRINUSE)

Troubleshooting tips:

 -> Is something else already running on port 8080 ?

 -> Are you deploying on a platform that requires an explicit hostname, like OpenShift?
    (Try setting the `explicitHost` config to the hostname where the server will be accessible.)
    (e.g. `mydomain.com` or `183.24.244.42`)
Warning: connect.session() MemoryStore is not
designed for a production environment, as it will leak
memory, and will not scale past a single process.
Warning: connect.session() MemoryStore is not
designed for a production environment, as it will leak
memory, and will not scale past a single process.

=*=*=*=*=*=*=*=*=*=*=*=*=*=*=*=*=*=*=*=*=*=*=*=*=*=*=*=*=*=*=*=*=*=*=*=*=*=*=
WARNING: You currently have your default CORS settings configured to allow
all requests from all origins, with credentials.  This may leave your app
open to attack by third-party sites!  Consider making your `origins` setting
more restrictive or setting `credentials` to false, or else make certain that
none of your routes perform sensitive actions or reveal secure information.
=*=*=*=*=*=*=*=*=*=*=*=*=*=*=*=*=*=*=*=*=*=*=*=*=*=*=*=*=*=*=*=*=*=*=*=*=*=*=

No brain file detectedError: ENOENT: no such file or directory, open './cache/classifier.json'
Server failed to start.
(received error: EADDRINUSE)

Troubleshooting tips:

 -> Is something else already running on port 8080 ?

 -> Are you deploying on a platform that requires an explicit hostname, like OpenShift?
    (Try setting the `explicitHost` config to the hostname where the server will be accessible.)
    (e.g. `mydomain.com` or `183.24.244.42`)
Warning: connect.session() MemoryStore is not
designed for a production environment, as it will leak
memory, and will not scale past a single process.
Warning: connect.session() MemoryStore is not
designed for a production environment, as it will leak
memory, and will not scale past a single process.

=*=*=*=*=*=*=*=*=*=*=*=*=*=*=*=*=*=*=*=*=*=*=*=*=*=*=*=*=*=*=*=*=*=*=*=*=*=*=
WARNING: You currently have your default CORS settings configured to allow
all requests from all origins, with credentials.  This may leave your app
open to attack by third-party sites!  Consider making your `origins` setting
more restrictive or setting `credentials` to false, or else make certain that
none of your routes perform sensitive actions or reveal secure information.
=*=*=*=*=*=*=*=*=*=*=*=*=*=*=*=*=*=*=*=*=*=*=*=*=*=*=*=*=*=*=*=*=*=*=*=*=*=*=

No brain file detectedError: ENOENT: no such file or directory, open './cache/classifier.json'
Server failed to start.
(received error: EADDRINUSE)

Troubleshooting tips:

 -> Is something else already running on port 8080 ?

 -> Are you deploying on a platform that requires an explicit hostname, like OpenShift?
    (Try setting the `explicitHost` config to the hostname where the server will be accessible.)
    (e.g. `mydomain.com` or `183.24.244.42`)
Warning: connect.session() MemoryStore is not
designed for a production environment, as it will leak
memory, and will not scale past a single process.
Warning: connect.session() MemoryStore is not
designed for a production environment, as it will leak
memory, and will not scale past a single process.

=*=*=*=*=*=*=*=*=*=*=*=*=*=*=*=*=*=*=*=*=*=*=*=*=*=*=*=*=*=*=*=*=*=*=*=*=*=*=
WARNING: You currently have your default CORS settings configured to allow
all requests from all origins, with credentials.  This may leave your app
open to attack by third-party sites!  Consider making your `origins` setting
more restrictive or setting `credentials` to false, or else make certain that
none of your routes perform sensitive actions or reveal secure information.
=*=*=*=*=*=*=*=*=*=*=*=*=*=*=*=*=*=*=*=*=*=*=*=*=*=*=*=*=*=*=*=*=*=*=*=*=*=*=

No brain file detectedError: ENOENT: no such file or directory, open './cache/classifier.json'
Server failed to start.
(received error: EADDRINUSE)

Troubleshooting tips:

 -> Is something else already running on port 8080 ?

 -> Are you deploying on a platform that requires an explicit hostname, like OpenShift?
    (Try setting the `explicitHost` config to the hostname where the server will be accessible.)
    (e.g. `mydomain.com` or `183.24.244.42`)
Warning: connect.session() MemoryStore is not
designed for a production environment, as it will leak
memory, and will not scale past a single process.
Warning: connect.session() MemoryStore is not
designed for a production environment, as it will leak
memory, and will not scale past a single process.

=*=*=*=*=*=*=*=*=*=*=*=*=*=*=*=*=*=*=*=*=*=*=*=*=*=*=*=*=*=*=*=*=*=*=*=*=*=*=
WARNING: You currently have your default CORS settings configured to allow
all requests from all origins, with credentials.  This may leave your app
open to attack by third-party sites!  Consider making your `origins` setting
more restrictive or setting `credentials` to false, or else make certain that
none of your routes perform sensitive actions or reveal secure information.
=*=*=*=*=*=*=*=*=*=*=*=*=*=*=*=*=*=*=*=*=*=*=*=*=*=*=*=*=*=*=*=*=*=*=*=*=*=*=

No brain file detectedError: ENOENT: no such file or directory, open './cache/classifier.json'
Server failed to start.
(received error: EADDRINUSE)

Troubleshooting tips:

 -> Is something else already running on port 8080 ?

 -> Are you deploying on a platform that requires an explicit hostname, like OpenShift?
    (Try setting the `explicitHost` config to the hostname where the server will be accessible.)
    (e.g. `mydomain.com` or `183.24.244.42`)
Warning: connect.session() MemoryStore is not
designed for a production environment, as it will leak
memory, and will not scale past a single process.
Warning: connect.session() MemoryStore is not
designed for a production environment, as it will leak
memory, and will not scale past a single process.

=*=*=*=*=*=*=*=*=*=*=*=*=*=*=*=*=*=*=*=*=*=*=*=*=*=*=*=*=*=*=*=*=*=*=*=*=*=*=
WARNING: You currently have your default CORS settings configured to allow
all requests from all origins, with credentials.  This may leave your app
open to attack by third-party sites!  Consider making your `origins` setting
more restrictive or setting `credentials` to false, or else make certain that
none of your routes perform sensitive actions or reveal secure information.
=*=*=*=*=*=*=*=*=*=*=*=*=*=*=*=*=*=*=*=*=*=*=*=*=*=*=*=*=*=*=*=*=*=*=*=*=*=*=

No brain file detectedError: ENOENT: no such file or directory, open './cache/classifier.json'
Server failed to start.
(received error: EADDRINUSE)

Troubleshooting tips:

 -> Is something else already running on port 8080 ?

 -> Are you deploying on a platform that requires an explicit hostname, like OpenShift?
    (Try setting the `explicitHost` config to the hostname where the server will be accessible.)
    (e.g. `mydomain.com` or `183.24.244.42`)
Warning: connect.session() MemoryStore is not
designed for a production environment, as it will leak
memory, and will not scale past a single process.
Warning: connect.session() MemoryStore is not
designed for a production environment, as it will leak
memory, and will not scale past a single process.

=*=*=*=*=*=*=*=*=*=*=*=*=*=*=*=*=*=*=*=*=*=*=*=*=*=*=*=*=*=*=*=*=*=*=*=*=*=*=
WARNING: You currently have your default CORS settings configured to allow
all requests from all origins, with credentials.  This may leave your app
open to attack by third-party sites!  Consider making your `origins` setting
more restrictive or setting `credentials` to false, or else make certain that
none of your routes perform sensitive actions or reveal secure information.
=*=*=*=*=*=*=*=*=*=*=*=*=*=*=*=*=*=*=*=*=*=*=*=*=*=*=*=*=*=*=*=*=*=*=*=*=*=*=

No brain file detectedError: ENOENT: no such file or directory, open './cache/classifier.json'
Server failed to start.
(received error: EADDRINUSE)

Troubleshooting tips:

 -> Is something else already running on port 8080 ?

 -> Are you deploying on a platform that requires an explicit hostname, like OpenShift?
    (Try setting the `explicitHost` config to the hostname where the server will be accessible.)
    (e.g. `mydomain.com` or `183.24.244.42`)
Warning: connect.session() MemoryStore is not
designed for a production environment, as it will leak
memory, and will not scale past a single process.
Warning: connect.session() MemoryStore is not
designed for a production environment, as it will leak
memory, and will not scale past a single process.

=*=*=*=*=*=*=*=*=*=*=*=*=*=*=*=*=*=*=*=*=*=*=*=*=*=*=*=*=*=*=*=*=*=*=*=*=*=*=
WARNING: You currently have your default CORS settings configured to allow
all requests from all origins, with credentials.  This may leave your app
open to attack by third-party sites!  Consider making your `origins` setting
more restrictive or setting `credentials` to false, or else make certain that
none of your routes perform sensitive actions or reveal secure information.
=*=*=*=*=*=*=*=*=*=*=*=*=*=*=*=*=*=*=*=*=*=*=*=*=*=*=*=*=*=*=*=*=*=*=*=*=*=*=

No brain file detectedError: ENOENT: no such file or directory, open './cache/classifier.json'
Server failed to start.
(received error: EADDRINUSE)

Troubleshooting tips:

 -> Is something else already running on port 8080 ?

 -> Are you deploying on a platform that requires an explicit hostname, like OpenShift?
    (Try setting the `explicitHost` config to the hostname where the server will be accessible.)
    (e.g. `mydomain.com` or `183.24.244.42`)
Warning: connect.session() MemoryStore is not
designed for a production environment, as it will leak
memory, and will not scale past a single process.
Warning: connect.session() MemoryStore is not
designed for a production environment, as it will leak
memory, and will not scale past a single process.

=*=*=*=*=*=*=*=*=*=*=*=*=*=*=*=*=*=*=*=*=*=*=*=*=*=*=*=*=*=*=*=*=*=*=*=*=*=*=
WARNING: You currently have your default CORS settings configured to allow
all requests from all origins, with credentials.  This may leave your app
open to attack by third-party sites!  Consider making your `origins` setting
more restrictive or setting `credentials` to false, or else make certain that
none of your routes perform sensitive actions or reveal secure information.
=*=*=*=*=*=*=*=*=*=*=*=*=*=*=*=*=*=*=*=*=*=*=*=*=*=*=*=*=*=*=*=*=*=*=*=*=*=*=

No brain file detectedError: ENOENT: no such file or directory, open './cache/classifier.json'
Server failed to start.
(received error: EADDRINUSE)

Troubleshooting tips:

 -> Is something else already running on port 8080 ?

 -> Are you deploying on a platform that requires an explicit hostname, like OpenShift?
    (Try setting the `explicitHost` config to the hostname where the server will be accessible.)
    (e.g. `mydomain.com` or `183.24.244.42`)
Warning: connect.session() MemoryStore is not
designed for a production environment, as it will leak
memory, and will not scale past a single process.
Warning: connect.session() MemoryStore is not
designed for a production environment, as it will leak
memory, and will not scale past a single process.

=*=*=*=*=*=*=*=*=*=*=*=*=*=*=*=*=*=*=*=*=*=*=*=*=*=*=*=*=*=*=*=*=*=*=*=*=*=*=
WARNING: You currently have your default CORS settings configured to allow
all requests from all origins, with credentials.  This may leave your app
open to attack by third-party sites!  Consider making your `origins` setting
more restrictive or setting `credentials` to false, or else make certain that
none of your routes perform sensitive actions or reveal secure information.
=*=*=*=*=*=*=*=*=*=*=*=*=*=*=*=*=*=*=*=*=*=*=*=*=*=*=*=*=*=*=*=*=*=*=*=*=*=*=

No brain file detectedError: ENOENT: no such file or directory, open './cache/classifier.json'
Server failed to start.
(received error: EADDRINUSE)

Troubleshooting tips:

 -> Is something else already running on port 8080 ?

 -> Are you deploying on a platform that requires an explicit hostname, like OpenShift?
    (Try setting the `explicitHost` config to the hostname where the server will be accessible.)
    (e.g. `mydomain.com` or `183.24.244.42`)
Warning: connect.session() MemoryStore is not
designed for a production environment, as it will leak
memory, and will not scale past a single process.
Warning: connect.session() MemoryStore is not
designed for a production environment, as it will leak
memory, and will not scale past a single process.

=*=*=*=*=*=*=*=*=*=*=*=*=*=*=*=*=*=*=*=*=*=*=*=*=*=*=*=*=*=*=*=*=*=*=*=*=*=*=
WARNING: You currently have your default CORS settings configured to allow
all requests from all origins, with credentials.  This may leave your app
open to attack by third-party sites!  Consider making your `origins` setting
more restrictive or setting `credentials` to false, or else make certain that
none of your routes perform sensitive actions or reveal secure information.
=*=*=*=*=*=*=*=*=*=*=*=*=*=*=*=*=*=*=*=*=*=*=*=*=*=*=*=*=*=*=*=*=*=*=*=*=*=*=

No brain file detectedError: ENOENT: no such file or directory, open './cache/classifier.json'
Server failed to start.
(received error: EADDRINUSE)

Troubleshooting tips:

 -> Is something else already running on port 8080 ?

 -> Are you deploying on a platform that requires an explicit hostname, like OpenShift?
    (Try setting the `explicitHost` config to the hostname where the server will be accessible.)
    (e.g. `mydomain.com` or `183.24.244.42`)
Warning: connect.session() MemoryStore is not
designed for a production environment, as it will leak
memory, and will not scale past a single process.
Warning: connect.session() MemoryStore is not
designed for a production environment, as it will leak
memory, and will not scale past a single process.

=*=*=*=*=*=*=*=*=*=*=*=*=*=*=*=*=*=*=*=*=*=*=*=*=*=*=*=*=*=*=*=*=*=*=*=*=*=*=
WARNING: You currently have your default CORS settings configured to allow
all requests from all origins, with credentials.  This may leave your app
open to attack by third-party sites!  Consider making your `origins` setting
more restrictive or setting `credentials` to false, or else make certain that
none of your routes perform sensitive actions or reveal secure information.
=*=*=*=*=*=*=*=*=*=*=*=*=*=*=*=*=*=*=*=*=*=*=*=*=*=*=*=*=*=*=*=*=*=*=*=*=*=*=

No brain file detectedError: ENOENT: no such file or directory, open './cache/classifier.json'
Server failed to start.
(received error: EADDRINUSE)

Troubleshooting tips:

 -> Is something else already running on port 8080 ?

 -> Are you deploying on a platform that requires an explicit hostname, like OpenShift?
    (Try setting the `explicitHost` config to the hostname where the server will be accessible.)
    (e.g. `mydomain.com` or `183.24.244.42`)
Warning: connect.session() MemoryStore is not
designed for a production environment, as it will leak
memory, and will not scale past a single process.
Warning: connect.session() MemoryStore is not
designed for a production environment, as it will leak
memory, and will not scale past a single process.

=*=*=*=*=*=*=*=*=*=*=*=*=*=*=*=*=*=*=*=*=*=*=*=*=*=*=*=*=*=*=*=*=*=*=*=*=*=*=
WARNING: You currently have your default CORS settings configured to allow
all requests from all origins, with credentials.  This may leave your app
open to attack by third-party sites!  Consider making your `origins` setting
more restrictive or setting `credentials` to false, or else make certain that
none of your routes perform sensitive actions or reveal secure information.
=*=*=*=*=*=*=*=*=*=*=*=*=*=*=*=*=*=*=*=*=*=*=*=*=*=*=*=*=*=*=*=*=*=*=*=*=*=*=

No brain file detectedError: ENOENT: no such file or directory, open './cache/classifier.json'
Server failed to start.
(received error: EADDRINUSE)

Troubleshooting tips:

 -> Is something else already running on port 8080 ?

 -> Are you deploying on a platform that requires an explicit hostname, like OpenShift?
    (Try setting the `explicitHost` config to the hostname where the server will be accessible.)
    (e.g. `mydomain.com` or `183.24.244.42`)
Warning: connect.session() MemoryStore is not
designed for a production environment, as it will leak
memory, and will not scale past a single process.
Warning: connect.session() MemoryStore is not
designed for a production environment, as it will leak
memory, and will not scale past a single process.

=*=*=*=*=*=*=*=*=*=*=*=*=*=*=*=*=*=*=*=*=*=*=*=*=*=*=*=*=*=*=*=*=*=*=*=*=*=*=
WARNING: You currently have your default CORS settings configured to allow
all requests from all origins, with credentials.  This may leave your app
open to attack by third-party sites!  Consider making your `origins` setting
more restrictive or setting `credentials` to false, or else make certain that
none of your routes perform sensitive actions or reveal secure information.
=*=*=*=*=*=*=*=*=*=*=*=*=*=*=*=*=*=*=*=*=*=*=*=*=*=*=*=*=*=*=*=*=*=*=*=*=*=*=

No brain file detectedError: ENOENT: no such file or directory, open './cache/classifier.json'
Server failed to start.
(received error: EADDRINUSE)

Troubleshooting tips:

 -> Is something else already running on port 8080 ?

 -> Are you deploying on a platform that requires an explicit hostname, like OpenShift?
    (Try setting the `explicitHost` config to the hostname where the server will be accessible.)
    (e.g. `mydomain.com` or `183.24.244.42`)
Warning: connect.session() MemoryStore is not
designed for a production environment, as it will leak
memory, and will not scale past a single process.
Warning: connect.session() MemoryStore is not
designed for a production environment, as it will leak
memory, and will not scale past a single process.

=*=*=*=*=*=*=*=*=*=*=*=*=*=*=*=*=*=*=*=*=*=*=*=*=*=*=*=*=*=*=*=*=*=*=*=*=*=*=
WARNING: You currently have your default CORS settings configured to allow
all requests from all origins, with credentials.  This may leave your app
open to attack by third-party sites!  Consider making your `origins` setting
more restrictive or setting `credentials` to false, or else make certain that
none of your routes perform sensitive actions or reveal secure information.
=*=*=*=*=*=*=*=*=*=*=*=*=*=*=*=*=*=*=*=*=*=*=*=*=*=*=*=*=*=*=*=*=*=*=*=*=*=*=

No brain file detectedError: ENOENT: no such file or directory, open './cache/classifier.json'
Server failed to start.
(received error: EADDRINUSE)

Troubleshooting tips:

 -> Is something else already running on port 8080 ?

 -> Are you deploying on a platform that requires an explicit hostname, like OpenShift?
    (Try setting the `explicitHost` config to the hostname where the server will be accessible.)
    (e.g. `mydomain.com` or `183.24.244.42`)
Warning: connect.session() MemoryStore is not
designed for a production environment, as it will leak
memory, and will not scale past a single process.
Warning: connect.session() MemoryStore is not
designed for a production environment, as it will leak
memory, and will not scale past a single process.

=*=*=*=*=*=*=*=*=*=*=*=*=*=*=*=*=*=*=*=*=*=*=*=*=*=*=*=*=*=*=*=*=*=*=*=*=*=*=
WARNING: You currently have your default CORS settings configured to allow
all requests from all origins, with credentials.  This may leave your app
open to attack by third-party sites!  Consider making your `origins` setting
more restrictive or setting `credentials` to false, or else make certain that
none of your routes perform sensitive actions or reveal secure information.
=*=*=*=*=*=*=*=*=*=*=*=*=*=*=*=*=*=*=*=*=*=*=*=*=*=*=*=*=*=*=*=*=*=*=*=*=*=*=

No brain file detectedError: ENOENT: no such file or directory, open './cache/classifier.json'
Server failed to start.
(received error: EADDRINUSE)

Troubleshooting tips:

 -> Is something else already running on port 8080 ?

 -> Are you deploying on a platform that requires an explicit hostname, like OpenShift?
    (Try setting the `explicitHost` config to the hostname where the server will be accessible.)
    (e.g. `mydomain.com` or `183.24.244.42`)
Warning: connect.session() MemoryStore is not
designed for a production environment, as it will leak
memory, and will not scale past a single process.
Warning: connect.session() MemoryStore is not
designed for a production environment, as it will leak
memory, and will not scale past a single process.

=*=*=*=*=*=*=*=*=*=*=*=*=*=*=*=*=*=*=*=*=*=*=*=*=*=*=*=*=*=*=*=*=*=*=*=*=*=*=
WARNING: You currently have your default CORS settings configured to allow
all requests from all origins, with credentials.  This may leave your app
open to attack by third-party sites!  Consider making your `origins` setting
more restrictive or setting `credentials` to false, or else make certain that
none of your routes perform sensitive actions or reveal secure information.
=*=*=*=*=*=*=*=*=*=*=*=*=*=*=*=*=*=*=*=*=*=*=*=*=*=*=*=*=*=*=*=*=*=*=*=*=*=*=

No brain file detectedError: ENOENT: no such file or directory, open './cache/classifier.json'
Server failed to start.
(received error: EADDRINUSE)

Troubleshooting tips:

 -> Is something else already running on port 8080 ?

 -> Are you deploying on a platform that requires an explicit hostname, like OpenShift?
    (Try setting the `explicitHost` config to the hostname where the server will be accessible.)
    (e.g. `mydomain.com` or `183.24.244.42`)
Warning: connect.session() MemoryStore is not
designed for a production environment, as it will leak
memory, and will not scale past a single process.
Warning: connect.session() MemoryStore is not
designed for a production environment, as it will leak
memory, and will not scale past a single process.

=*=*=*=*=*=*=*=*=*=*=*=*=*=*=*=*=*=*=*=*=*=*=*=*=*=*=*=*=*=*=*=*=*=*=*=*=*=*=
WARNING: You currently have your default CORS settings configured to allow
all requests from all origins, with credentials.  This may leave your app
open to attack by third-party sites!  Consider making your `origins` setting
more restrictive or setting `credentials` to false, or else make certain that
none of your routes perform sensitive actions or reveal secure information.
=*=*=*=*=*=*=*=*=*=*=*=*=*=*=*=*=*=*=*=*=*=*=*=*=*=*=*=*=*=*=*=*=*=*=*=*=*=*=

No brain file detectedError: ENOENT: no such file or directory, open './cache/classifier.json'
Server failed to start.
(received error: EADDRINUSE)

Troubleshooting tips:

 -> Is something else already running on port 8080 ?

 -> Are you deploying on a platform that requires an explicit hostname, like OpenShift?
    (Try setting the `explicitHost` config to the hostname where the server will be accessible.)
    (e.g. `mydomain.com` or `183.24.244.42`)
Warning: connect.session() MemoryStore is not
designed for a production environment, as it will leak
memory, and will not scale past a single process.
Warning: connect.session() MemoryStore is not
designed for a production environment, as it will leak
memory, and will not scale past a single process.

=*=*=*=*=*=*=*=*=*=*=*=*=*=*=*=*=*=*=*=*=*=*=*=*=*=*=*=*=*=*=*=*=*=*=*=*=*=*=
WARNING: You currently have your default CORS settings configured to allow
all requests from all origins, with credentials.  This may leave your app
open to attack by third-party sites!  Consider making your `origins` setting
more restrictive or setting `credentials` to false, or else make certain that
none of your routes perform sensitive actions or reveal secure information.
=*=*=*=*=*=*=*=*=*=*=*=*=*=*=*=*=*=*=*=*=*=*=*=*=*=*=*=*=*=*=*=*=*=*=*=*=*=*=

No brain file detectedError: ENOENT: no such file or directory, open './cache/classifier.json'
Server failed to start.
(received error: EADDRINUSE)

Troubleshooting tips:

 -> Is something else already running on port 8080 ?

 -> Are you deploying on a platform that requires an explicit hostname, like OpenShift?
    (Try setting the `explicitHost` config to the hostname where the server will be accessible.)
    (e.g. `mydomain.com` or `183.24.244.42`)
Warning: connect.session() MemoryStore is not
designed for a production environment, as it will leak
memory, and will not scale past a single process.
Warning: connect.session() MemoryStore is not
designed for a production environment, as it will leak
memory, and will not scale past a single process.

=*=*=*=*=*=*=*=*=*=*=*=*=*=*=*=*=*=*=*=*=*=*=*=*=*=*=*=*=*=*=*=*=*=*=*=*=*=*=
WARNING: You currently have your default CORS settings configured to allow
all requests from all origins, with credentials.  This may leave your app
open to attack by third-party sites!  Consider making your `origins` setting
more restrictive or setting `credentials` to false, or else make certain that
none of your routes perform sensitive actions or reveal secure information.
=*=*=*=*=*=*=*=*=*=*=*=*=*=*=*=*=*=*=*=*=*=*=*=*=*=*=*=*=*=*=*=*=*=*=*=*=*=*=

No brain file detectedError: ENOENT: no such file or directory, open './cache/classifier.json'
Server failed to start.
(received error: EADDRINUSE)

Troubleshooting tips:

 -> Is something else already running on port 8080 ?

 -> Are you deploying on a platform that requires an explicit hostname, like OpenShift?
    (Try setting the `explicitHost` config to the hostname where the server will be accessible.)
    (e.g. `mydomain.com` or `183.24.244.42`)
Warning: connect.session() MemoryStore is not
designed for a production environment, as it will leak
memory, and will not scale past a single process.
Warning: connect.session() MemoryStore is not
designed for a production environment, as it will leak
memory, and will not scale past a single process.

=*=*=*=*=*=*=*=*=*=*=*=*=*=*=*=*=*=*=*=*=*=*=*=*=*=*=*=*=*=*=*=*=*=*=*=*=*=*=
WARNING: You currently have your default CORS settings configured to allow
all requests from all origins, with credentials.  This may leave your app
open to attack by third-party sites!  Consider making your `origins` setting
more restrictive or setting `credentials` to false, or else make certain that
none of your routes perform sensitive actions or reveal secure information.
=*=*=*=*=*=*=*=*=*=*=*=*=*=*=*=*=*=*=*=*=*=*=*=*=*=*=*=*=*=*=*=*=*=*=*=*=*=*=

